<?xml version="1.0" encoding="UTF-8"?>
<testng-results skipped="0" failed="1" ignored="0" total="1" passed="0">
  <reporter-output>
  </reporter-output>
  <suite name="Default suite" duration-ms="10797" started-at="2019-06-17T12:26:33Z" finished-at="2019-06-17T12:26:43Z">
    <groups>
    </groups>
    <test name="Default test" duration-ms="10797" started-at="2019-06-17T12:26:33Z" finished-at="2019-06-17T12:26:43Z">
      <class name="pactice.Demo.ImgValidation">
        <test-method status="PASS" signature="setupTestClass()[pri:0, instance:pactice.Demo.ImgValidation@5622fdf]" name="setupTestClass" is-config="true" duration-ms="7257" started-at="2019-06-17T12:26:33Z" finished-at="2019-06-17T12:26:40Z">
          <reporter-output>
          </reporter-output>
        </test-method> <!-- setupTestClass -->
        <test-method status="PASS" signature="setupTestMethod(java.lang.reflect.Method)[pri:0, instance:pactice.Demo.ImgValidation@5622fdf]" name="setupTestMethod" is-config="true" duration-ms="2" started-at="2019-06-17T12:26:40Z" finished-at="2019-06-17T12:26:40Z">
          <params>
            <param index="0">
              <value>
                <![CDATA[public void pactice.Demo.ImgValidation.myAirtleImgaeValidation() throws java.lang.Exception]]>
              </value>
            </param>
          </params>
          <reporter-output>
          </reporter-output>
        </test-method> <!-- setupTestMethod -->
        <test-method status="FAIL" signature="myAirtleImgaeValidation()[pri:0, instance:pactice.Demo.ImgValidation@5622fdf]" name="myAirtleImgaeValidation" duration-ms="2711" started-at="2019-06-17T12:26:40Z" finished-at="2019-06-17T12:26:43Z">
          <exception class="org.im4java.core.CommandException">
            <message>
              <![CDATA[java.io.IOException: Cannot run program "compare": CreateProcess error=2, The system cannot find the file specified]]>
            </message>
            <full-stacktrace>
              <![CDATA[org.im4java.core.CommandException: java.io.IOException: Cannot run program "compare": CreateProcess error=2, The system cannot find the file specified
at org.im4java.core.ImageCommand.run(ImageCommand.java:219)
at pactice.Demo.BaseLib.BaseTest.compareImagesWithImageMagick(BaseTest.java:264)
at pactice.Demo.BaseLib.BaseTest.doComparison(BaseTest.java:286)
at pactice.Demo.ImgValidation.myAirtleImgaeValidation(ImgValidation.java:27)
at sun.reflect.NativeMethodAccessorImpl.invoke0(Native Method)
at sun.reflect.NativeMethodAccessorImpl.invoke(Unknown Source)
at sun.reflect.DelegatingMethodAccessorImpl.invoke(Unknown Source)
at java.lang.reflect.Method.invoke(Unknown Source)
at org.testng.internal.MethodInvocationHelper.invokeMethod(MethodInvocationHelper.java:124)
at org.testng.internal.Invoker.invokeMethod(Invoker.java:583)
at org.testng.internal.Invoker.invokeTestMethod(Invoker.java:719)
at org.testng.internal.Invoker.invokeTestMethods(Invoker.java:989)
at org.testng.internal.TestMethodWorker.invokeTestMethods(TestMethodWorker.java:125)
at org.testng.internal.TestMethodWorker.run(TestMethodWorker.java:109)
at org.testng.TestRunner.privateRun(TestRunner.java:648)
at org.testng.TestRunner.run(TestRunner.java:505)
at org.testng.SuiteRunner.runTest(SuiteRunner.java:455)
at org.testng.SuiteRunner.runSequentially(SuiteRunner.java:450)
at org.testng.SuiteRunner.privateRun(SuiteRunner.java:415)
at org.testng.SuiteRunner.run(SuiteRunner.java:364)
at org.testng.SuiteRunnerWorker.runSuite(SuiteRunnerWorker.java:52)
at org.testng.SuiteRunnerWorker.run(SuiteRunnerWorker.java:84)
at org.testng.TestNG.runSuitesSequentially(TestNG.java:1208)
at org.testng.TestNG.runSuitesLocally(TestNG.java:1137)
at org.testng.TestNG.runSuites(TestNG.java:1049)
at org.testng.TestNG.run(TestNG.java:1017)
at org.testng.remote.AbstractRemoteTestNG.run(AbstractRemoteTestNG.java:115)
at org.testng.remote.RemoteTestNG.initAndRun(RemoteTestNG.java:251)
at org.testng.remote.RemoteTestNG.main(RemoteTestNG.java:77)
Caused by: java.io.IOException: Cannot run program "compare": CreateProcess error=2, The system cannot find the file specified
at java.lang.ProcessBuilder.start(Unknown Source)
at org.im4java.process.ProcessStarter.startProcess(ProcessStarter.java:407)
at org.im4java.process.ProcessStarter.run(ProcessStarter.java:312)
at org.im4java.core.ImageCommand.run(ImageCommand.java:215)
... 28 more
Caused by: java.io.IOException: CreateProcess error=2, The system cannot find the file specified
at java.lang.ProcessImpl.create(Native Method)
at java.lang.ProcessImpl.<init>(Unknown Source)
at java.lang.ProcessImpl.start(Unknown Source)
... 32 more
]]>
            </full-stacktrace>
          </exception> <!-- org.im4java.core.CommandException -->
          <reporter-output>
          </reporter-output>
        </test-method> <!-- myAirtleImgaeValidation -->
        <test-method status="PASS" signature="quitDriver()[pri:0, instance:pactice.Demo.ImgValidation@5622fdf]" name="quitDriver" is-config="true" duration-ms="810" started-at="2019-06-17T12:26:43Z" finished-at="2019-06-17T12:26:43Z">
          <reporter-output>
          </reporter-output>
        </test-method> <!-- quitDriver -->
      </class> <!-- pactice.Demo.ImgValidation -->
    </test> <!-- Default test -->
  </suite> <!-- Default suite -->
</testng-results>
