<?xml version="1.0" encoding="UTF-8"?>
<!-- Generated by org.testng.reporters.JUnitReportReporter -->
<testsuite skipped="0" hostname="TYSS-TestComplete" name="pactice.Demo.ImgValidation" tests="1" failures="0" timestamp="17 Jun 2019 12:26:44 GMT" time="2.713" errors="1">
  <testcase name="myAirtleImgaeValidation" time="2.713" classname="pactice.Demo.ImgValidation">
    <error type="org.im4java.core.CommandException" message="java.io.IOException: Cannot run program &quot;compare&quot;: CreateProcess error=2, The system cannot find the file specified">
      <![CDATA[org.im4java.core.CommandException: java.io.IOException: Cannot run program "compare": CreateProcess error=2, The system cannot find the file specified
at org.im4java.core.ImageCommand.run(ImageCommand.java:219)
at pactice.Demo.BaseLib.BaseTest.compareImagesWithImageMagick(BaseTest.java:264)
at pactice.Demo.BaseLib.BaseTest.doComparison(BaseTest.java:286)
at pactice.Demo.ImgValidation.myAirtleImgaeValidation(ImgValidation.java:27)
at sun.reflect.NativeMethodAccessorImpl.invoke0(Native Method)
at sun.reflect.NativeMethodAccessorImpl.invoke(Unknown Source)
at sun.reflect.DelegatingMethodAccessorImpl.invoke(Unknown Source)
at java.lang.reflect.Method.invoke(Unknown Source)
at org.testng.internal.MethodInvocationHelper.invokeMethod(MethodInvocationHelper.java:124)
at org.testng.internal.Invoker.invokeMethod(Invoker.java:583)
at org.testng.internal.Invoker.invokeTestMethod(Invoker.java:719)
at org.testng.internal.Invoker.invokeTestMethods(Invoker.java:989)
at org.testng.internal.TestMethodWorker.invokeTestMethods(TestMethodWorker.java:125)
at org.testng.internal.TestMethodWorker.run(TestMethodWorker.java:109)
at org.testng.TestRunner.privateRun(TestRunner.java:648)
at org.testng.TestRunner.run(TestRunner.java:505)
at org.testng.SuiteRunner.runTest(SuiteRunner.java:455)
at org.testng.SuiteRunner.runSequentially(SuiteRunner.java:450)
at org.testng.SuiteRunner.privateRun(SuiteRunner.java:415)
at org.testng.SuiteRunner.run(SuiteRunner.java:364)
at org.testng.SuiteRunnerWorker.runSuite(SuiteRunnerWorker.java:52)
at org.testng.SuiteRunnerWorker.run(SuiteRunnerWorker.java:84)
at org.testng.TestNG.runSuitesSequentially(TestNG.java:1208)
at org.testng.TestNG.runSuitesLocally(TestNG.java:1137)
at org.testng.TestNG.runSuites(TestNG.java:1049)
at org.testng.TestNG.run(TestNG.java:1017)
at org.testng.remote.AbstractRemoteTestNG.run(AbstractRemoteTestNG.java:115)
at org.testng.remote.RemoteTestNG.initAndRun(RemoteTestNG.java:251)
at org.testng.remote.RemoteTestNG.main(RemoteTestNG.java:77)
Caused by: java.io.IOException: Cannot run program "compare": CreateProcess error=2, The system cannot find the file specified
at java.lang.ProcessBuilder.start(Unknown Source)
at org.im4java.process.ProcessStarter.startProcess(ProcessStarter.java:407)
at org.im4java.process.ProcessStarter.run(ProcessStarter.java:312)
at org.im4java.core.ImageCommand.run(ImageCommand.java:215)
... 28 more
Caused by: java.io.IOException: CreateProcess error=2, The system cannot find the file specified
at java.lang.ProcessImpl.create(Native Method)
at java.lang.ProcessImpl.<init>(Unknown Source)
at java.lang.ProcessImpl.start(Unknown Source)
... 32 more
]]>
    </error>
  </testcase> <!-- myAirtleImgaeValidation -->
</testsuite> <!-- pactice.Demo.ImgValidation -->
